Case #1: 1 0
Case #2: 1 0
Case #3: 1 1
Case #4: 0 0
Case #5: 500 499
Case #6: 0 0
Case #7: 1 0
Case #8: 2 2
Case #9: 1 1
Case #10: 0 0
Case #11: 0 0
Case #12: 1 0
Case #13: 0 0
Case #14: 1 0
Case #15: 0 0
Case #16: 1 0
Case #17: 0 0
Case #18: 0 0
Case #19: 0 0
Case #20: 1 0
Case #21: 0 0
Case #22: 0 0
Case #23: 0 0
Case #24: 0 0
Case #25: 0 0
Case #26: 0 0
Case #27: 0 0
Case #28: 0 0
Case #29: 3 3
Case #30: 0 0
Case #31: 249 249
Case #32: 1 1
Case #33: 0 0
Case #34: 3 3
Case #35: 0 0
Case #36: 0 0
Case #37: 0 0
Case #38: 1 1
Case #39: 0 0
Case #40: 0 0
Case #41: 0 0
Case #42: 0 0
Case #43: 3 2
Case #44: 1 0
Case #45: 1 0
Case #46: 0 0
Case #47: 0 0
Case #48: 0 0
Case #49: 125 124
Case #50: 1 0
Case #51: 1 1
Case #52: 7 6
Case #53: 250 249
Case #54: 0 0
Case #55: 3 2
Case #56: 3 3
Case #57: 0 0
Case #58: 1 1
Case #59: 1 0
Case #60: 3 2
Case #61: 499 499
Case #62: 0 0
Case #63: 0 0
Case #64: 0 0
Case #65: 0 0
Case #66: 1 1
Case #67: 1 0
Case #68: 0 0
Case #69: 0 0
Case #70: 0 0
Case #71: 3 3
Case #72: 7 6
Case #73: 0 0
Case #74: 1 0
Case #75: 3 2
Case #76: 1 1
Case #77: 0 0
Case #78: 0 0
Case #79: 250 249
Case #80: 0 0
Case #81: 1 0
Case #82: 0 0
Case #83: 0 0
Case #84: 1 1
Case #85: 1 0
Case #86: 1 0
Case #87: 1 1
Case #88: 0 0
Case #89: 1 0
Case #90: 0 0
Case #91: 1 0
Case #92: 1 0
Case #93: 0 0
Case #94: 0 0
Case #95: 2 1
Case #96: 0 0
Case #97: 0 0
Case #98: 0 0
Case #99: 1 1
Case #100: 1 0
