Case #1: 1 0
Case #2: 1 0
Case #3: 1 1
Case #4: 0 0
Case #5: 500 499
Case #6: 1 0
Case #7: 0 0
Case #8: 0 0
Case #9: 1 1
Case #10: 1 0
Case #11: 3905 3905
Case #12: 0 0
Case #13: 0 0
Case #14: 0 0
Case #15: 250000 249999
Case #16: 0 0
Case #17: 0 0
Case #18: 2 1
Case #19: 0 0
Case #20: 0 0
Case #21: 0 0
Case #22: 0 0
Case #23: 249999 249999
Case #24: 0 0
Case #25: 0 0
Case #26: 0 0
Case #27: 1 0
Case #28: 1 1
Case #29: 0 0
Case #30: 0 0
Case #31: 1 0
Case #32: 0 0
Case #33: 1 0
Case #34: 0 0
Case #35: 1 1
Case #36: 0 0
Case #37: 3906 3905
Case #38: 0 0
Case #39: 7812 7811
Case #40: 0 0
Case #41: 0 0
Case #42: 1 0
Case #43: 0 0
Case #44: 0 0
Case #45: 0 0
Case #46: 1 0
Case #47: 1 1
Case #48: 0 0
Case #49: 0 0
Case #50: 1 0
Case #51: 1 0
Case #52: 0 0
Case #53: 7812 7811
Case #54: 0 0
Case #55: 1 0
Case #56: 1 0
Case #57: 125000 124999
Case #58: 1 0
Case #59: 0 0
Case #60: 0 0
Case #61: 0 0
Case #62: 1 1
Case #63: 0 0
Case #64: 1 0
Case #65: 0 0
Case #66: 250000 249999
Case #67: 1 0
Case #68: 1 0
Case #69: 1 0
Case #70: 3 2
Case #71: 0 0
Case #72: 2 2
Case #73: 0 0
Case #74: 1 0
Case #75: 3906 3905
Case #76: 3 2
Case #77: 0 0
Case #78: 500000 499999
Case #79: 0 0
Case #80: 1 0
Case #81: 1953 1952
Case #82: 1 1
Case #83: 0 0
Case #84: 1 1
Case #85: 0 0
Case #86: 1 1
Case #87: 0 0
Case #88: 3 2
Case #89: 0 0
Case #90: 0 0
Case #91: 1 0
Case #92: 0 0
Case #93: 0 0
Case #94: 0 0
Case #95: 499999 499999
Case #96: 0 0
Case #97: 1 1
Case #98: 1 1
Case #99: 0 0
Case #100: 0 0
